A D/AccessFold////
A D/AllSub////
A D/CircleCompare////
A D/DuplexFold////
A D/DynalignDotPlot////
A D/EnergyPlot////
A D/EnsembleEnergy////
A D/LinearCompare////
A D/MaxExpect////
A D/Multifind////
A D/PARTS////
A D/ProbKnot////
A D/ProbScan////
A D/ProbabilityPlot////
A D/ProbablePair////
A D/RNA_class////
A D/RNAstructure_java_drawing////
A D/RNAstructure_java_interface////
A D/RNAstructure_java_utilities////
A D/RNAstructure_windows_dll////
A D/RNAstructure_windows_interface////
A D/RNAstructure_windows_text_interfaces////
A D/RemovePseudoknots////
A D/ShapeKnots////
A D/TurboFold////
A D/bifold////
A D/bipartition////
A D/ct2dot////
A D/data_tables////
A D/dot2ct////
A D/draw////
A D/dynalign////
A D/efn2////
A D/examples////
A D/exe////
A D/fold////
A D/fold-smp////
A D/manual////
A D/multilign////
A D/napss////
A D/oligoscreen////
A D/oligowalk////
A D/partition-smp////
A D/pfunction////
A D/phmm////
A D/refold////
A D/scorer////
A D/src////
A D/stochastic////
A D/tests////
